{"/Users/veselinmadzhirov/Projects/seduction-frontend-assignment/seduction-frontend/src/app.tsx": {"path":"/Users/veselinmadzhirov/Projects/seduction-frontend-assignment/seduction-frontend/src/app.tsx","all":false,"statementMap":{"0":{"start":{"line":1,"column":0},"end":{"line":1,"column":29}},"1":{"start":{"line":2,"column":0},"end":{"line":2,"column":77}},"3":{"start":{"line":4,"column":0},"end":{"line":4,"column":19}},"4":{"start":{"line":5,"column":0},"end":{"line":5,"column":31}},"5":{"start":{"line":6,"column":0},"end":{"line":6,"column":2}},"7":{"start":{"line":8,"column":0},"end":{"line":8,"column":19}}},"s":{"0":1,"1":1,"3":1,"4":1,"5":1,"7":1},"branchMap":{"0":{"type":"branch","line":4,"loc":{"start":{"line":4,"column":12},"end":{"line":6,"column":2}},"locations":[{"start":{"line":4,"column":12},"end":{"line":6,"column":2}}]}},"b":{"0":[1]},"fnMap":{"0":{"name":"App","decl":{"start":{"line":4,"column":12},"end":{"line":6,"column":2}},"loc":{"start":{"line":4,"column":12},"end":{"line":6,"column":2}},"line":4}},"f":{"0":1}}
,"/Users/veselinmadzhirov/Projects/seduction-frontend-assignment/seduction-frontend/src/components/Badge/Badge.tsx": {"path":"/Users/veselinmadzhirov/Projects/seduction-frontend-assignment/seduction-frontend/src/components/Badge/Badge.tsx","all":false,"statementMap":{"0":{"start":{"line":1,"column":0},"end":{"line":1,"column":40}},"1":{"start":{"line":2,"column":0},"end":{"line":2,"column":89}},"2":{"start":{"line":3,"column":0},"end":{"line":3,"column":56}},"3":{"start":{"line":4,"column":0},"end":{"line":4,"column":62}},"4":{"start":{"line":5,"column":0},"end":{"line":5,"column":77}},"5":{"start":{"line":6,"column":0},"end":{"line":6,"column":54}},"6":{"start":{"line":7,"column":0},"end":{"line":7,"column":62}},"13":{"start":{"line":14,"column":0},"end":{"line":14,"column":64}},"14":{"start":{"line":15,"column":0},"end":{"line":15,"column":18}},"15":{"start":{"line":16,"column":0},"end":{"line":16,"column":28}},"16":{"start":{"line":17,"column":0},"end":{"line":17,"column":22}},"17":{"start":{"line":18,"column":0},"end":{"line":18,"column":32}},"18":{"start":{"line":19,"column":0},"end":{"line":19,"column":25}},"19":{"start":{"line":20,"column":0},"end":{"line":20,"column":33}},"20":{"start":{"line":21,"column":0},"end":{"line":21,"column":41}},"21":{"start":{"line":22,"column":0},"end":{"line":22,"column":33}},"22":{"start":{"line":23,"column":0},"end":{"line":23,"column":12}},"23":{"start":{"line":24,"column":0},"end":{"line":24,"column":22}},"24":{"start":{"line":25,"column":0},"end":{"line":25,"column":3}},"25":{"start":{"line":26,"column":0},"end":{"line":26,"column":2}},"27":{"start":{"line":28,"column":0},"end":{"line":28,"column":72}},"28":{"start":{"line":29,"column":0},"end":{"line":29,"column":61}},"29":{"start":{"line":30,"column":0},"end":{"line":30,"column":62}},"30":{"start":{"line":31,"column":0},"end":{"line":31,"column":30}},"32":{"start":{"line":33,"column":0},"end":{"line":33,"column":10}},"33":{"start":{"line":34,"column":0},"end":{"line":34,"column":53}},"34":{"start":{"line":35,"column":0},"end":{"line":35,"column":69}},"35":{"start":{"line":36,"column":0},"end":{"line":36,"column":13}},"36":{"start":{"line":37,"column":0},"end":{"line":37,"column":11}},"38":{"start":{"line":39,"column":0},"end":{"line":39,"column":2}},"40":{"start":{"line":41,"column":0},"end":{"line":41,"column":21}}},"s":{"0":1,"1":1,"2":1,"3":1,"4":1,"5":1,"6":1,"13":1,"14":39,"15":39,"16":11,"17":39,"18":3,"19":39,"20":39,"21":5,"22":39,"23":20,"24":39,"25":39,"27":1,"28":39,"29":39,"30":39,"32":39,"33":39,"34":39,"35":39,"36":39,"38":39,"40":1},"branchMap":{"0":{"type":"branch","line":14,"loc":{"start":{"line":14,"column":16},"end":{"line":26,"column":2}},"locations":[{"start":{"line":14,"column":16},"end":{"line":26,"column":2}}]},"1":{"type":"branch","line":16,"loc":{"start":{"line":16,"column":4},"end":{"line":17,"column":22}},"locations":[{"start":{"line":16,"column":4},"end":{"line":17,"column":22}}]},"2":{"type":"branch","line":18,"loc":{"start":{"line":18,"column":4},"end":{"line":19,"column":25}},"locations":[{"start":{"line":18,"column":4},"end":{"line":19,"column":25}}]},"3":{"type":"branch","line":20,"loc":{"start":{"line":20,"column":4},"end":{"line":20,"column":33}},"locations":[{"start":{"line":20,"column":4},"end":{"line":20,"column":33}}]},"4":{"type":"branch","line":21,"loc":{"start":{"line":21,"column":4},"end":{"line":22,"column":33}},"locations":[{"start":{"line":21,"column":4},"end":{"line":22,"column":33}}]},"5":{"type":"branch","line":23,"loc":{"start":{"line":23,"column":4},"end":{"line":24,"column":22}},"locations":[{"start":{"line":23,"column":4},"end":{"line":24,"column":22}}]},"6":{"type":"branch","line":28,"loc":{"start":{"line":28,"column":14},"end":{"line":39,"column":2}},"locations":[{"start":{"line":28,"column":14},"end":{"line":39,"column":2}}]},"7":{"type":"branch","line":29,"loc":{"start":{"line":29,"column":49},"end":{"line":29,"column":59}},"locations":[{"start":{"line":29,"column":49},"end":{"line":29,"column":59}}]},"8":{"type":"branch","line":30,"loc":{"start":{"line":30,"column":54},"end":{"line":30,"column":62}},"locations":[{"start":{"line":30,"column":54},"end":{"line":30,"column":62}}]},"9":{"type":"branch","line":35,"loc":{"start":{"line":35,"column":31},"end":{"line":35,"column":69}},"locations":[{"start":{"line":35,"column":31},"end":{"line":35,"column":69}}]}},"b":{"0":[39],"1":[11],"2":[3],"3":[4],"4":[5],"5":[20],"6":[39],"7":[0],"8":[0],"9":[19]},"fnMap":{"0":{"name":"getIcon","decl":{"start":{"line":14,"column":16},"end":{"line":26,"column":2}},"loc":{"start":{"line":14,"column":16},"end":{"line":26,"column":2}},"line":14},"1":{"name":"Badge","decl":{"start":{"line":28,"column":14},"end":{"line":39,"column":2}},"loc":{"start":{"line":28,"column":14},"end":{"line":39,"column":2}},"line":28}},"f":{"0":39,"1":39}}
,"/Users/veselinmadzhirov/Projects/seduction-frontend-assignment/seduction-frontend/src/components/SubscriptionRow/SubscriptionRow.tsx": {"path":"/Users/veselinmadzhirov/Projects/seduction-frontend-assignment/seduction-frontend/src/components/SubscriptionRow/SubscriptionRow.tsx","all":false,"statementMap":{"0":{"start":{"line":1,"column":0},"end":{"line":1,"column":50}},"1":{"start":{"line":2,"column":0},"end":{"line":2,"column":35}},"3":{"start":{"line":4,"column":0},"end":{"line":4,"column":62}},"9":{"start":{"line":10,"column":0},"end":{"line":10,"column":69}},"10":{"start":{"line":11,"column":0},"end":{"line":11,"column":10}},"11":{"start":{"line":12,"column":0},"end":{"line":12,"column":31}},"12":{"start":{"line":13,"column":0},"end":{"line":13,"column":56}},"13":{"start":{"line":14,"column":0},"end":{"line":14,"column":59}},"14":{"start":{"line":15,"column":0},"end":{"line":15,"column":61}},"15":{"start":{"line":16,"column":0},"end":{"line":16,"column":34}},"16":{"start":{"line":17,"column":0},"end":{"line":17,"column":74}},"17":{"start":{"line":18,"column":0},"end":{"line":18,"column":11}},"18":{"start":{"line":19,"column":0},"end":{"line":19,"column":34}},"19":{"start":{"line":20,"column":0},"end":{"line":20,"column":70}},"20":{"start":{"line":21,"column":0},"end":{"line":21,"column":11}},"21":{"start":{"line":22,"column":0},"end":{"line":22,"column":9}},"23":{"start":{"line":24,"column":0},"end":{"line":24,"column":2}},"25":{"start":{"line":26,"column":0},"end":{"line":26,"column":31}}},"s":{"0":1,"1":1,"3":1,"9":1,"10":31,"11":31,"12":31,"13":31,"14":31,"15":31,"16":31,"17":31,"18":31,"19":31,"20":31,"21":31,"23":31,"25":1},"branchMap":{"0":{"type":"branch","line":10,"loc":{"start":{"line":10,"column":24},"end":{"line":24,"column":2}},"locations":[{"start":{"line":10,"column":24},"end":{"line":24,"column":2}}]}},"b":{"0":[31]},"fnMap":{"0":{"name":"SubscriptionRow","decl":{"start":{"line":10,"column":24},"end":{"line":24,"column":2}},"loc":{"start":{"line":10,"column":24},"end":{"line":24,"column":2}},"line":10}},"f":{"0":31}}
,"/Users/veselinmadzhirov/Projects/seduction-frontend-assignment/seduction-frontend/src/components/SubscriptionsTable/SubscriptionsTable.tsx": {"path":"/Users/veselinmadzhirov/Projects/seduction-frontend-assignment/seduction-frontend/src/components/SubscriptionsTable/SubscriptionsTable.tsx","all":false,"statementMap":{"0":{"start":{"line":1,"column":0},"end":{"line":1,"column":53}},"1":{"start":{"line":2,"column":0},"end":{"line":2,"column":65}},"3":{"start":{"line":4,"column":0},"end":{"line":4,"column":93}},"9":{"start":{"line":10,"column":0},"end":{"line":10,"column":76}},"10":{"start":{"line":11,"column":0},"end":{"line":11,"column":10}},"11":{"start":{"line":12,"column":0},"end":{"line":12,"column":36}},"12":{"start":{"line":13,"column":0},"end":{"line":13,"column":13}},"13":{"start":{"line":14,"column":0},"end":{"line":14,"column":12}},"14":{"start":{"line":15,"column":0},"end":{"line":15,"column":58}},"15":{"start":{"line":16,"column":0},"end":{"line":16,"column":61}},"16":{"start":{"line":17,"column":0},"end":{"line":17,"column":63}},"17":{"start":{"line":18,"column":0},"end":{"line":18,"column":62}},"18":{"start":{"line":19,"column":0},"end":{"line":19,"column":60}},"19":{"start":{"line":20,"column":0},"end":{"line":20,"column":13}},"20":{"start":{"line":21,"column":0},"end":{"line":21,"column":14}},"21":{"start":{"line":22,"column":0},"end":{"line":22,"column":13}},"22":{"start":{"line":23,"column":0},"end":{"line":23,"column":44}},"23":{"start":{"line":24,"column":0},"end":{"line":24,"column":75}},"24":{"start":{"line":25,"column":0},"end":{"line":25,"column":11}},"25":{"start":{"line":26,"column":0},"end":{"line":26,"column":14}},"26":{"start":{"line":27,"column":0},"end":{"line":27,"column":12}},"28":{"start":{"line":29,"column":0},"end":{"line":29,"column":2}},"30":{"start":{"line":31,"column":0},"end":{"line":31,"column":34}}},"s":{"0":1,"1":1,"3":1,"9":1,"10":7,"11":7,"12":7,"13":7,"14":7,"15":7,"16":7,"17":7,"18":7,"19":7,"20":7,"21":7,"22":7,"23":18,"24":7,"25":7,"26":7,"28":7,"30":1},"branchMap":{"0":{"type":"branch","line":10,"loc":{"start":{"line":10,"column":27},"end":{"line":29,"column":2}},"locations":[{"start":{"line":10,"column":27},"end":{"line":29,"column":2}}]},"1":{"type":"branch","line":23,"loc":{"start":{"line":23,"column":27},"end":{"line":24,"column":75}},"locations":[{"start":{"line":23,"column":27},"end":{"line":24,"column":75}}]}},"b":{"0":[7],"1":[18]},"fnMap":{"0":{"name":"SubscriptionsTable","decl":{"start":{"line":10,"column":27},"end":{"line":29,"column":2}},"loc":{"start":{"line":10,"column":27},"end":{"line":29,"column":2}},"line":10}},"f":{"0":7}}
,"/Users/veselinmadzhirov/Projects/seduction-frontend-assignment/seduction-frontend/src/constants/badgeTypeMap.ts": {"path":"/Users/veselinmadzhirov/Projects/seduction-frontend-assignment/seduction-frontend/src/constants/badgeTypeMap.ts","all":false,"statementMap":{"0":{"start":{"line":1,"column":0},"end":{"line":1,"column":31}},"1":{"start":{"line":2,"column":0},"end":{"line":2,"column":19}},"2":{"start":{"line":3,"column":0},"end":{"line":3,"column":15}},"3":{"start":{"line":4,"column":0},"end":{"line":4,"column":11}}},"s":{"0":1,"1":1,"2":1,"3":1},"branchMap":{},"b":{},"fnMap":{},"f":{}}
,"/Users/veselinmadzhirov/Projects/seduction-frontend-assignment/seduction-frontend/src/constants/labels/appLabels.ts": {"path":"/Users/veselinmadzhirov/Projects/seduction-frontend-assignment/seduction-frontend/src/constants/labels/appLabels.ts","all":false,"statementMap":{"0":{"start":{"line":1,"column":0},"end":{"line":1,"column":27}},"1":{"start":{"line":2,"column":0},"end":{"line":2,"column":25}},"2":{"start":{"line":3,"column":0},"end":{"line":3,"column":2}}},"s":{"0":1,"1":1,"2":1},"branchMap":{},"b":{},"fnMap":{},"f":{}}
,"/Users/veselinmadzhirov/Projects/seduction-frontend-assignment/seduction-frontend/src/constants/labels/badgeLabels.ts": {"path":"/Users/veselinmadzhirov/Projects/seduction-frontend-assignment/seduction-frontend/src/constants/labels/badgeLabels.ts","all":false,"statementMap":{"0":{"start":{"line":1,"column":0},"end":{"line":1,"column":29}},"1":{"start":{"line":2,"column":0},"end":{"line":2,"column":11}},"2":{"start":{"line":3,"column":0},"end":{"line":3,"column":21}},"3":{"start":{"line":4,"column":0},"end":{"line":4,"column":27}},"4":{"start":{"line":5,"column":0},"end":{"line":5,"column":23}},"5":{"start":{"line":6,"column":0},"end":{"line":6,"column":4}},"6":{"start":{"line":7,"column":0},"end":{"line":7,"column":9}},"7":{"start":{"line":8,"column":0},"end":{"line":8,"column":23}},"8":{"start":{"line":9,"column":0},"end":{"line":9,"column":31}},"9":{"start":{"line":10,"column":0},"end":{"line":10,"column":36}},"10":{"start":{"line":11,"column":0},"end":{"line":11,"column":52}},"11":{"start":{"line":12,"column":0},"end":{"line":12,"column":4}},"12":{"start":{"line":13,"column":0},"end":{"line":13,"column":2}}},"s":{"0":1,"1":1,"2":1,"3":1,"4":1,"5":1,"6":1,"7":1,"8":1,"9":1,"10":1,"11":1,"12":1},"branchMap":{},"b":{},"fnMap":{},"f":{}}
,"/Users/veselinmadzhirov/Projects/seduction-frontend-assignment/seduction-frontend/src/constants/labels/subscriptionPage.ts": {"path":"/Users/veselinmadzhirov/Projects/seduction-frontend-assignment/seduction-frontend/src/constants/labels/subscriptionPage.ts","all":false,"statementMap":{"0":{"start":{"line":1,"column":0},"end":{"line":1,"column":34}},"1":{"start":{"line":2,"column":0},"end":{"line":2,"column":33}},"2":{"start":{"line":3,"column":0},"end":{"line":3,"column":2}}},"s":{"0":1,"1":1,"2":1},"branchMap":{},"b":{},"fnMap":{},"f":{}}
,"/Users/veselinmadzhirov/Projects/seduction-frontend-assignment/seduction-frontend/src/constants/labels/subscriptionRowLabels.ts": {"path":"/Users/veselinmadzhirov/Projects/seduction-frontend-assignment/seduction-frontend/src/constants/labels/subscriptionRowLabels.ts","all":false,"statementMap":{"0":{"start":{"line":1,"column":0},"end":{"line":1,"column":40}},"1":{"start":{"line":2,"column":0},"end":{"line":2,"column":12}},"2":{"start":{"line":3,"column":0},"end":{"line":3,"column":53}},"3":{"start":{"line":4,"column":0},"end":{"line":4,"column":60}},"4":{"start":{"line":5,"column":0},"end":{"line":5,"column":4}},"5":{"start":{"line":6,"column":0},"end":{"line":6,"column":2}}},"s":{"0":1,"1":1,"2":1,"3":1,"4":1,"5":1},"branchMap":{},"b":{},"fnMap":{},"f":{}}
,"/Users/veselinmadzhirov/Projects/seduction-frontend-assignment/seduction-frontend/src/constants/labels/subscriptionsTableLabels.ts": {"path":"/Users/veselinmadzhirov/Projects/seduction-frontend-assignment/seduction-frontend/src/constants/labels/subscriptionsTableLabels.ts","all":false,"statementMap":{"0":{"start":{"line":1,"column":0},"end":{"line":1,"column":43}},"1":{"start":{"line":2,"column":0},"end":{"line":2,"column":12}},"2":{"start":{"line":3,"column":0},"end":{"line":3,"column":13}},"3":{"start":{"line":4,"column":0},"end":{"line":4,"column":19}},"4":{"start":{"line":5,"column":0},"end":{"line":5,"column":23}},"5":{"start":{"line":6,"column":0},"end":{"line":6,"column":21}},"6":{"start":{"line":7,"column":0},"end":{"line":7,"column":17}},"7":{"start":{"line":8,"column":0},"end":{"line":8,"column":4}},"8":{"start":{"line":9,"column":0},"end":{"line":9,"column":11}},"9":{"start":{"line":10,"column":0},"end":{"line":10,"column":35}},"10":{"start":{"line":11,"column":0},"end":{"line":11,"column":4}},"11":{"start":{"line":12,"column":0},"end":{"line":12,"column":2}}},"s":{"0":1,"1":1,"2":1,"3":1,"4":1,"5":1,"6":1,"7":1,"8":1,"9":1,"10":1,"11":1},"branchMap":{},"b":{},"fnMap":{},"f":{}}
,"/Users/veselinmadzhirov/Projects/seduction-frontend-assignment/seduction-frontend/src/pages/SubscriptionsPages/SubscriptionsPage.tsx": {"path":"/Users/veselinmadzhirov/Projects/seduction-frontend-assignment/seduction-frontend/src/pages/SubscriptionsPages/SubscriptionsPage.tsx","all":false,"statementMap":{"0":{"start":{"line":1,"column":0},"end":{"line":1,"column":53}},"1":{"start":{"line":2,"column":0},"end":{"line":2,"column":88}},"2":{"start":{"line":3,"column":0},"end":{"line":3,"column":87}},"3":{"start":{"line":4,"column":0},"end":{"line":4,"column":62}},"4":{"start":{"line":5,"column":0},"end":{"line":5,"column":60}},"5":{"start":{"line":6,"column":0},"end":{"line":6,"column":76}},"7":{"start":{"line":8,"column":0},"end":{"line":8,"column":33}},"8":{"start":{"line":9,"column":0},"end":{"line":9,"column":45}},"10":{"start":{"line":11,"column":0},"end":{"line":11,"column":10}},"11":{"start":{"line":12,"column":0},"end":{"line":12,"column":36}},"12":{"start":{"line":13,"column":0},"end":{"line":13,"column":40}},"13":{"start":{"line":14,"column":0},"end":{"line":14,"column":60}},"14":{"start":{"line":15,"column":0},"end":{"line":15,"column":60}},"15":{"start":{"line":16,"column":0},"end":{"line":16,"column":37}},"16":{"start":{"line":17,"column":0},"end":{"line":17,"column":45}},"17":{"start":{"line":18,"column":0},"end":{"line":18,"column":36}},"18":{"start":{"line":19,"column":0},"end":{"line":19,"column":12}},"19":{"start":{"line":20,"column":0},"end":{"line":20,"column":12}},"20":{"start":{"line":21,"column":0},"end":{"line":21,"column":10}},"22":{"start":{"line":23,"column":0},"end":{"line":23,"column":2}},"24":{"start":{"line":25,"column":0},"end":{"line":25,"column":33}}},"s":{"0":1,"1":1,"2":1,"3":1,"4":1,"5":1,"7":1,"8":4,"10":4,"11":4,"12":4,"13":4,"14":4,"15":4,"16":4,"17":4,"18":4,"19":4,"20":4,"22":4,"24":1},"branchMap":{"0":{"type":"branch","line":8,"loc":{"start":{"line":8,"column":26},"end":{"line":23,"column":2}},"locations":[{"start":{"line":8,"column":26},"end":{"line":23,"column":2}}]}},"b":{"0":[4]},"fnMap":{"0":{"name":"SubscriptionsPage","decl":{"start":{"line":8,"column":26},"end":{"line":23,"column":2}},"loc":{"start":{"line":8,"column":26},"end":{"line":23,"column":2}},"line":8}},"f":{"0":4}}
,"/Users/veselinmadzhirov/Projects/seduction-frontend-assignment/seduction-frontend/src/types/subscription.ts": {"path":"/Users/veselinmadzhirov/Projects/seduction-frontend-assignment/seduction-frontend/src/types/subscription.ts","all":false,"statementMap":{"0":{"start":{"line":1,"column":0},"end":{"line":1,"column":32}},"1":{"start":{"line":2,"column":0},"end":{"line":2,"column":20}},"2":{"start":{"line":3,"column":0},"end":{"line":3,"column":26}},"3":{"start":{"line":4,"column":0},"end":{"line":4,"column":22}},"6":{"start":{"line":7,"column":0},"end":{"line":7,"column":24}},"7":{"start":{"line":8,"column":0},"end":{"line":8,"column":22}},"8":{"start":{"line":9,"column":0},"end":{"line":9,"column":30}},"9":{"start":{"line":10,"column":0},"end":{"line":10,"column":32}},"10":{"start":{"line":11,"column":0},"end":{"line":11,"column":48}}},"s":{"0":1,"1":1,"2":1,"3":1,"6":1,"7":1,"8":1,"9":1,"10":1},"branchMap":{"0":{"type":"branch","line":1,"loc":{"start":{"line":1,"column":7},"end":{"line":1,"column":32}},"locations":[{"start":{"line":1,"column":7},"end":{"line":1,"column":32}}]},"1":{"type":"branch","line":7,"loc":{"start":{"line":7,"column":7},"end":{"line":7,"column":24}},"locations":[{"start":{"line":7,"column":7},"end":{"line":7,"column":24}}]}},"b":{"0":[5],"1":[5]},"fnMap":{},"f":{}}
,"/Users/veselinmadzhirov/Projects/seduction-frontend-assignment/seduction-frontend/src/utils/parseSubsctiptions/parseSubscriptions.ts": {"path":"/Users/veselinmadzhirov/Projects/seduction-frontend-assignment/seduction-frontend/src/utils/parseSubsctiptions/parseSubscriptions.ts","all":false,"statementMap":{"1":{"start":{"line":2,"column":0},"end":{"line":2,"column":52}},"3":{"start":{"line":4,"column":0},"end":{"line":4,"column":57}},"4":{"start":{"line":5,"column":0},"end":{"line":5,"column":85}},"5":{"start":{"line":6,"column":0},"end":{"line":6,"column":11}},"6":{"start":{"line":7,"column":0},"end":{"line":7,"column":37}},"7":{"start":{"line":8,"column":0},"end":{"line":8,"column":33}},"8":{"start":{"line":9,"column":0},"end":{"line":9,"column":24}},"9":{"start":{"line":10,"column":0},"end":{"line":10,"column":2}}},"s":{"1":1,"3":1,"4":1,"5":6,"6":6,"7":6,"8":1,"9":1},"branchMap":{"0":{"type":"branch","line":4,"loc":{"start":{"line":4,"column":34},"end":{"line":10,"column":2}},"locations":[{"start":{"line":4,"column":34},"end":{"line":10,"column":2}}]},"1":{"type":"branch","line":5,"loc":{"start":{"line":5,"column":74},"end":{"line":9,"column":4}},"locations":[{"start":{"line":5,"column":74},"end":{"line":9,"column":4}}]}},"b":{"0":[1],"1":[6]},"fnMap":{"0":{"name":"parseSubscriptions","decl":{"start":{"line":4,"column":34},"end":{"line":10,"column":2}},"loc":{"start":{"line":4,"column":34},"end":{"line":10,"column":2}},"line":4}},"f":{"0":1}}
}
